[2020-01-19T09:37:36.126] [DEBUG] cheese - login => username:zs,password:123456
[2020-01-19T09:37:36.129] [DEBUG] cheese - zs
[2020-01-19T09:37:36.144] [DEBUG] cheese - null
[2020-01-19T09:37:36.144] [DEBUG] cheese - null
[2020-01-19T09:37:45.423] [DEBUG] cheese - login => username:admin,password:123456
[2020-01-19T09:37:45.423] [DEBUG] cheese - admin
[2020-01-19T09:37:45.432] [DEBUG] cheese - null
[2020-01-19T09:37:45.432] [DEBUG] cheese - null
[2020-01-19T14:58:49.600] [DEBUG] cheese - login => username:admin,password:123456
[2020-01-19T14:58:49.602] [DEBUG] cheese - admin
[2020-01-19T14:58:49.617] [DEBUG] cheese - null
[2020-01-19T14:58:49.618] [DEBUG] cheese - null
[2020-01-19T14:59:44.235] [DEBUG] cheese - login => username:admin,password:123456
[2020-01-19T14:59:44.235] [DEBUG] cheese - admin
[2020-01-19T14:59:44.238] [DEBUG] cheese - null
[2020-01-19T14:59:44.239] [DEBUG] cheese - null
[2020-01-19T15:17:42.569] [DEBUG] cheese - login => username:admin,password:123456
[2020-01-19T15:17:42.570] [DEBUG] cheese - admin
[2020-01-19T15:17:42.574] [DEBUG] cheese - null
[2020-01-19T15:17:42.574] [DEBUG] cheese - null
[2020-01-19T15:18:22.727] [DEBUG] cheese - login => username:admin,password:123456
[2020-01-19T15:18:22.727] [DEBUG] cheese - admin
[2020-01-19T15:18:22.729] [DEBUG] cheese - null
[2020-01-19T15:18:22.729] [DEBUG] cheese - null
[2020-01-19T15:18:26.210] [DEBUG] cheese - login => username:admin,password:123456
[2020-01-19T15:18:26.210] [DEBUG] cheese - admin
[2020-01-19T15:18:26.213] [DEBUG] cheese - null
[2020-01-19T15:18:26.213] [DEBUG] cheese - null
[2020-01-19T15:18:28.096] [DEBUG] cheese - login => username:admina,password:123456
[2020-01-19T15:18:28.096] [DEBUG] cheese - admina
[2020-01-19T15:18:28.098] [DEBUG] cheese - null
[2020-01-19T15:18:28.098] [DEBUG] cheese - null
[2020-01-19T15:25:07.169] [DEBUG] cheese - login => username:admin,password:123456
[2020-01-19T15:25:07.170] [DEBUG] cheese - admin
[2020-01-19T15:25:07.172] [DEBUG] cheese - null
[2020-01-19T15:25:07.173] [DEBUG] cheese - null
[2020-01-19T15:26:31.579] [DEBUG] cheese - login => username:admin,password:123456d
[2020-01-19T15:26:31.579] [DEBUG] cheese - admin
[2020-01-19T15:26:31.581] [DEBUG] cheese - null
[2020-01-19T15:26:31.581] [DEBUG] cheese - null
[2020-01-19T15:26:34.835] [DEBUG] cheese - login => username:admin,password:123456d
[2020-01-19T15:26:34.835] [DEBUG] cheese - admin
[2020-01-19T15:26:34.836] [DEBUG] cheese - null
[2020-01-19T15:26:34.837] [DEBUG] cheese - null
[2020-01-19T15:26:35.293] [DEBUG] cheese - login => username:admin,password:123456d
[2020-01-19T15:26:35.293] [DEBUG] cheese - admin
[2020-01-19T15:26:35.296] [DEBUG] cheese - null
[2020-01-19T15:26:35.296] [DEBUG] cheese - null
[2020-01-19T15:26:40.302] [DEBUG] cheese - login => username:admin,password:123456
[2020-01-19T15:26:40.302] [DEBUG] cheese - admin
[2020-01-19T15:26:40.304] [DEBUG] cheese - null
[2020-01-19T15:26:40.304] [DEBUG] cheese - null
[2020-01-19T15:28:41.289] [DEBUG] cheese - login => username:admin,password:123456
[2020-01-19T15:28:41.289] [DEBUG] cheese - admin
[2020-01-19T15:28:41.291] [DEBUG] cheese - null
[2020-01-19T15:28:41.291] [DEBUG] cheese - null
[2020-01-19T15:29:36.110] [DEBUG] cheese - login => username:admin,password:123456
[2020-01-19T15:29:36.110] [DEBUG] cheese - admin
[2020-01-19T15:29:36.113] [DEBUG] cheese - null
[2020-01-19T15:29:36.113] [DEBUG] cheese - null
[2020-01-19T15:30:03.885] [DEBUG] cheese - login => username:admin,password:123456
[2020-01-19T15:30:03.885] [DEBUG] cheese - admin
[2020-01-19T15:30:03.888] [DEBUG] cheese - null
[2020-01-19T15:30:03.888] [DEBUG] cheese - null
[2020-01-19T15:42:40.236] [DEBUG] cheese - login => username:admin,password:123456
[2020-01-19T15:42:40.236] [DEBUG] cheese - admin
[2020-01-19T15:42:40.239] [DEBUG] cheese - null
[2020-01-19T15:42:40.239] [DEBUG] cheese - null
[2020-01-19T16:03:47.994] [DEBUG] cheese - login => username:admin,password:123456
[2020-01-19T16:03:47.994] [DEBUG] cheese - admin
[2020-01-19T16:03:47.997] [DEBUG] cheese - null
[2020-01-19T16:03:47.997] [DEBUG] cheese - null
[2020-01-19T16:10:45.012] [DEBUG] cheese - login => username:admin,password:123456
[2020-01-19T16:10:45.012] [DEBUG] cheese - admin
[2020-01-19T16:10:45.016] [DEBUG] cheese - null
[2020-01-19T16:10:45.016] [DEBUG] cheese - null
[2020-01-19T16:11:53.433] [DEBUG] cheese - login => username:admin,password:123456
[2020-01-19T16:11:53.433] [DEBUG] cheese - admin
[2020-01-19T16:11:53.436] [DEBUG] cheese - null
[2020-01-19T16:11:53.436] [DEBUG] cheese - null
[2020-01-19T16:18:49.514] [DEBUG] cheese - login => username:admin,password:123456
[2020-01-19T16:18:49.514] [DEBUG] cheese - admin
[2020-01-19T16:18:49.516] [DEBUG] cheese - null
[2020-01-19T16:18:49.517] [DEBUG] cheese - null
[2020-01-19T16:28:16.679] [DEBUG] cheese - login => username:admin,password:123456
[2020-01-19T16:28:16.679] [DEBUG] cheese - admin
[2020-01-19T16:28:16.681] [DEBUG] cheese - null
[2020-01-19T16:28:16.681] [DEBUG] cheese - null
[2020-01-19T16:56:02.532] [DEBUG] cheese - login => username:admin,password:123456
[2020-01-19T16:56:02.533] [DEBUG] cheese - admin
[2020-01-19T16:56:02.536] [DEBUG] cheese - null
[2020-01-19T16:56:02.536] [DEBUG] cheese - null
[2020-01-19T17:21:38.815] [DEBUG] cheese - login => username:admin,password:123456
[2020-01-19T17:21:38.815] [DEBUG] cheese - admin
[2020-01-19T17:21:38.817] [DEBUG] cheese - null
[2020-01-19T17:21:38.817] [DEBUG] cheese - null
[2020-01-19T17:23:50.368] [DEBUG] cheese - login => username:admin,password:123456
[2020-01-19T17:23:50.369] [DEBUG] cheese - admin
[2020-01-19T17:23:50.371] [DEBUG] cheese - null
[2020-01-19T17:23:50.371] [DEBUG] cheese - null
[2020-01-19T17:24:24.053] [DEBUG] cheese - login => username:admin,password:123456
[2020-01-19T17:24:24.053] [DEBUG] cheese - admin
[2020-01-19T17:24:24.055] [DEBUG] cheese - null
[2020-01-19T17:24:24.055] [DEBUG] cheese - null
[2020-01-19T17:28:18.312] [DEBUG] cheese - login => username:admin,password:123456
[2020-01-19T17:28:18.312] [DEBUG] cheese - admin
[2020-01-19T17:28:18.315] [DEBUG] cheese - null
[2020-01-19T17:28:18.315] [DEBUG] cheese - null
[2020-01-19T17:44:37.466] [DEBUG] cheese - login => username:admin,password:123456
[2020-01-19T17:44:37.466] [DEBUG] cheese - admin
[2020-01-19T17:44:37.469] [DEBUG] cheese - null
[2020-01-19T17:44:37.469] [DEBUG] cheese - null
[2020-01-19T17:46:20.424] [DEBUG] cheese - login => username:admin,password:123456
[2020-01-19T17:46:20.424] [DEBUG] cheese - admin
[2020-01-19T17:46:20.428] [DEBUG] cheese - null
[2020-01-19T17:46:20.428] [DEBUG] cheese - null
[2020-01-19T21:53:47.644] [DEBUG] cheese - login => username:admin,password:123456
[2020-01-19T21:53:47.644] [DEBUG] cheese - admin
[2020-01-19T21:53:47.647] [DEBUG] cheese - null
[2020-01-19T21:53:47.647] [DEBUG] cheese - null
[2020-01-19T22:21:52.998] [DEBUG] cheese - login => username:admin,password:123456
[2020-01-19T22:21:52.998] [DEBUG] cheese - admin
[2020-01-19T22:21:53.001] [DEBUG] cheese - null
[2020-01-19T22:21:53.001] [DEBUG] cheese - null
[2020-01-19T23:08:34.335] [DEBUG] cheese - login => username:admin,password:123456
[2020-01-19T23:08:34.335] [DEBUG] cheese - admin
[2020-01-19T23:08:34.337] [DEBUG] cheese - null
[2020-01-19T23:08:34.337] [DEBUG] cheese - null
[2020-01-20T16:15:37.043] [DEBUG] cheese - login => username:admin,password:123456
[2020-01-20T16:15:37.045] [DEBUG] cheese - admin
[2020-01-20T16:15:37.055] [DEBUG] cheese - null
[2020-01-20T16:15:37.056] [DEBUG] cheese - null
[2020-01-20T16:40:51.810] [DEBUG] cheese - login => username:admin,password:123456
[2020-01-20T16:40:51.810] [DEBUG] cheese - admin
[2020-01-20T16:40:51.814] [DEBUG] cheese - null
[2020-01-20T16:40:51.814] [DEBUG] cheese - null
[2020-01-20T23:36:37.377] [DEBUG] cheese - login => username:admin,password:123456
[2020-01-20T23:36:37.378] [DEBUG] cheese - admin
[2020-01-20T23:36:37.380] [DEBUG] cheese - null
[2020-01-20T23:36:37.380] [DEBUG] cheese - null
[2020-01-21T15:57:20.945] [DEBUG] cheese - null
[2020-01-21T23:03:47.319] [DEBUG] cheese - login => username:admin,password:123456
[2020-01-21T23:03:47.320] [DEBUG] cheese - admin
[2020-01-21T23:03:47.323] [DEBUG] cheese - null
[2020-01-21T23:03:47.323] [DEBUG] cheese - null
[2020-01-23T20:44:20.582] [DEBUG] cheese - login => username:admin,password:123456
[2020-01-23T20:44:20.585] [DEBUG] cheese - admin
[2020-01-23T20:44:20.604] [DEBUG] cheese - null
[2020-01-23T20:44:20.605] [DEBUG] cheese - null
[2020-01-25T12:07:27.757] [DEBUG] cheese - login => username:admin,password:123456
[2020-01-25T12:07:27.758] [DEBUG] cheese - admin
[2020-01-25T12:07:27.868] [DEBUG] cheese - null
[2020-01-25T12:07:27.868] [DEBUG] cheese - null
[2020-01-25T17:55:09.328] [DEBUG] cheese - login => username:admin,password:123456
[2020-01-25T17:55:09.328] [DEBUG] cheese - admin
[2020-01-25T17:55:09.330] [DEBUG] cheese - null
[2020-01-25T17:55:09.330] [DEBUG] cheese - null
[2020-01-25T17:56:06.587] [DEBUG] cheese - login => username:admi,password:123456
[2020-01-25T17:56:06.588] [DEBUG] cheese - admi
[2020-01-25T17:56:06.589] [DEBUG] cheese - null
[2020-01-25T17:56:06.589] [DEBUG] cheese - null
[2020-01-25T17:56:10.552] [DEBUG] cheese - login => username:admin,password:123456
[2020-01-25T17:56:10.552] [DEBUG] cheese - admin
[2020-01-25T17:56:10.555] [DEBUG] cheese - null
[2020-01-25T17:56:10.555] [DEBUG] cheese - null
[2020-01-25T17:56:25.692] [DEBUG] cheese - login => username:linken,password:123456
[2020-01-25T17:56:25.692] [DEBUG] cheese - linken
[2020-01-25T17:56:25.695] [DEBUG] cheese - null
[2020-01-25T17:56:25.695] [DEBUG] cheese - null
[2020-01-25T17:56:33.086] [DEBUG] cheese - login => username:admin,password:123456
[2020-01-25T17:56:33.086] [DEBUG] cheese - admin
[2020-01-25T17:56:33.089] [DEBUG] cheese - null
[2020-01-25T17:56:33.089] [DEBUG] cheese - null
[2020-01-25T18:01:11.807] [DEBUG] cheese - login => username:auth,password:123456
[2020-01-25T18:01:11.807] [DEBUG] cheese - auth
[2020-01-25T18:01:11.809] [DEBUG] cheese - null
[2020-01-25T18:01:11.809] [DEBUG] cheese - null
[2020-01-25T18:01:21.331] [DEBUG] cheese - login => username:auth,password:123456
[2020-01-25T18:01:21.331] [DEBUG] cheese - auth
[2020-01-25T18:01:21.333] [DEBUG] cheese - null
[2020-01-25T18:01:21.333] [DEBUG] cheese - null
[2020-01-25T18:01:22.594] [DEBUG] cheese - login => username:admin,password:123456
[2020-01-25T18:01:22.594] [DEBUG] cheese - admin
[2020-01-25T18:01:22.596] [DEBUG] cheese - null
[2020-01-25T18:01:22.596] [DEBUG] cheese - null
[2020-01-25T18:01:46.719] [DEBUG] cheese - login => username:auth,password:123456
[2020-01-25T18:01:46.719] [DEBUG] cheese - auth
[2020-01-25T18:01:46.720] [DEBUG] cheese - null
[2020-01-25T18:01:46.720] [DEBUG] cheese - null
[2020-01-25T18:01:49.042] [DEBUG] cheese - null
[2020-01-25T18:01:49.045] [DEBUG] cheese - null
[2020-01-25T18:01:52.237] [DEBUG] cheese - null
[2020-01-25T18:01:52.238] [DEBUG] cheese - null
[2020-01-25T18:01:53.421] [DEBUG] cheese - null
[2020-01-25T18:01:53.424] [DEBUG] cheese - null
[2020-01-25T18:01:59.201] [DEBUG] cheese - login => username:admin,password:123456
[2020-01-25T18:01:59.201] [DEBUG] cheese - admin
[2020-01-25T18:01:59.202] [DEBUG] cheese - null
[2020-01-25T18:01:59.202] [DEBUG] cheese - null
[2020-01-26T13:07:24.764] [DEBUG] cheese - login => username:admin,password:123456
[2020-01-26T13:07:24.764] [DEBUG] cheese - admin
[2020-01-26T13:07:24.767] [DEBUG] cheese - null
[2020-01-26T13:07:24.767] [DEBUG] cheese - null
[2020-01-26T16:04:29.486] [DEBUG] cheese - login => username:admin,password:123456
[2020-01-26T16:04:29.486] [DEBUG] cheese - admin
[2020-01-26T16:04:29.592] [DEBUG] cheese - null
[2020-01-26T16:04:29.592] [DEBUG] cheese - null
[2020-01-26T17:42:27.771] [DEBUG] cheese - login => username:orders,password:123456
[2020-01-26T17:42:27.772] [DEBUG] cheese - orders
[2020-01-26T17:42:27.776] [DEBUG] cheese - null
[2020-01-26T17:42:27.776] [DEBUG] cheese - null
[2020-01-26T17:42:37.026] [DEBUG] cheese - login => username:admin,password:123456
[2020-01-26T17:42:37.026] [DEBUG] cheese - admin
[2020-01-26T17:42:37.031] [DEBUG] cheese - null
[2020-01-26T17:42:37.031] [DEBUG] cheese - null
[2020-01-26T17:42:51.967] [DEBUG] cheese - login => username:good,password:123456
[2020-01-26T17:42:51.967] [DEBUG] cheese - good
[2020-01-26T17:42:51.968] [DEBUG] cheese - null
[2020-01-26T17:42:51.969] [DEBUG] cheese - null
[2020-01-26T17:42:57.198] [DEBUG] cheese - login => username:good,password:123456
[2020-01-26T17:42:57.198] [DEBUG] cheese - good
[2020-01-26T17:42:57.202] [DEBUG] cheese - null
[2020-01-26T17:42:57.202] [DEBUG] cheese - null
[2020-01-26T17:43:03.117] [DEBUG] cheese - login => username:admin,password:123456
[2020-01-26T17:43:03.117] [DEBUG] cheese - admin
[2020-01-26T17:43:03.121] [DEBUG] cheese - null
[2020-01-26T17:43:03.121] [DEBUG] cheese - null
[2020-01-26T17:59:57.263] [DEBUG] cheese - login => username:linken,password:123456
[2020-01-26T17:59:57.263] [DEBUG] cheese - linken
[2020-01-26T17:59:57.266] [DEBUG] cheese - null
[2020-01-26T17:59:57.266] [DEBUG] cheese - null
[2020-01-26T17:59:59.567] [DEBUG] cheese - null
[2020-01-26T17:59:59.571] [DEBUG] cheese - null
[2020-01-26T18:00:00.669] [DEBUG] cheese - null
[2020-01-26T18:00:00.673] [DEBUG] cheese - null
[2020-01-26T18:00:01.722] [DEBUG] cheese - null
[2020-01-26T18:00:01.725] [DEBUG] cheese - null
[2020-01-26T18:00:12.566] [DEBUG] cheese - null
[2020-01-26T18:00:12.571] [DEBUG] cheese - null
[2020-01-26T18:00:13.701] [DEBUG] cheese - null
[2020-01-26T18:00:13.705] [DEBUG] cheese - null
[2020-01-26T18:00:20.653] [DEBUG] cheese - login => username:admin,password:123456
[2020-01-26T18:00:20.653] [DEBUG] cheese - admin
[2020-01-26T18:00:20.657] [DEBUG] cheese - null
[2020-01-26T18:00:20.657] [DEBUG] cheese - null
[2020-01-26T18:01:02.169] [DEBUG] cheese - login => username:admin,password:123456
[2020-01-26T18:01:02.169] [DEBUG] cheese - admin
[2020-01-26T18:01:02.174] [DEBUG] cheese - null
[2020-01-26T18:01:02.174] [DEBUG] cheese - null
[2020-01-26T18:01:11.646] [DEBUG] cheese - login => username:orders,password:123456
[2020-01-26T18:01:11.646] [DEBUG] cheese - orders
[2020-01-26T18:01:11.650] [DEBUG] cheese - null
[2020-01-26T18:01:11.650] [DEBUG] cheese - null
[2020-01-26T18:01:12.416] [DEBUG] cheese - login => username:orders,password:123456
[2020-01-26T18:01:12.416] [DEBUG] cheese - orders
[2020-01-26T18:01:12.421] [DEBUG] cheese - null
[2020-01-26T18:01:12.421] [DEBUG] cheese - null
[2020-01-26T18:01:12.616] [DEBUG] cheese - login => username:orders,password:123456
[2020-01-26T18:01:12.617] [DEBUG] cheese - orders
[2020-01-26T18:01:12.620] [DEBUG] cheese - null
[2020-01-26T18:01:12.621] [DEBUG] cheese - null
[2020-01-26T18:01:15.327] [DEBUG] cheese - login => username:admin,password:123456
[2020-01-26T18:01:15.327] [DEBUG] cheese - admin
[2020-01-26T18:01:15.331] [DEBUG] cheese - null
[2020-01-26T18:01:15.331] [DEBUG] cheese - null
[2020-01-26T22:01:29.107] [DEBUG] cheese - login => username:admin,password:123456
[2020-01-26T22:01:29.107] [DEBUG] cheese - admin
[2020-01-26T22:01:29.113] [DEBUG] cheese - null
[2020-01-26T22:01:29.113] [DEBUG] cheese - null
[2020-01-28T09:54:49.669] [DEBUG] cheese - login => username:admin,password:123456
[2020-01-28T09:54:49.671] [DEBUG] cheese - admin
[2020-01-28T09:54:49.689] [DEBUG] cheese - null
[2020-01-28T09:54:49.690] [DEBUG] cheese - null
[2020-01-28T09:59:40.428] [DEBUG] cheese - login => username:admin,password:123456
[2020-01-28T09:59:40.428] [DEBUG] cheese - admin
[2020-01-28T09:59:40.431] [DEBUG] cheese - null
[2020-01-28T09:59:40.431] [DEBUG] cheese - null
[2020-01-28T12:56:54.555] [DEBUG] cheese - login => username:admin,password:123456
[2020-01-28T12:56:54.555] [DEBUG] cheese - admin
[2020-01-28T12:56:54.558] [DEBUG] cheese - null
[2020-01-28T12:56:54.558] [DEBUG] cheese - null
[2020-01-29T14:09:05.931] [DEBUG] cheese - login => username:admin,password:123456
[2020-01-29T14:09:05.931] [DEBUG] cheese - admin
[2020-01-29T14:09:05.987] [DEBUG] cheese - null
[2020-01-29T14:09:05.987] [DEBUG] cheese - null
[2020-01-30T13:06:03.979] [DEBUG] cheese - login => username:admin,password:123456
[2020-01-30T13:06:03.981] [DEBUG] cheese - admin
[2020-01-30T13:06:03.998] [DEBUG] cheese - null
[2020-01-30T13:06:03.999] [DEBUG] cheese - null
[2020-01-31T15:04:41.057] [DEBUG] cheese - login => username:admin,password:123456
[2020-01-31T15:04:41.059] [DEBUG] cheese - admin
[2020-01-31T15:04:41.091] [DEBUG] cheese - null
[2020-01-31T15:04:41.091] [DEBUG] cheese - null
[2020-01-31T15:16:39.226] [DEBUG] cheese - login => username:admin,password:123456
[2020-01-31T15:16:39.226] [DEBUG] cheese - admin
[2020-01-31T15:16:39.230] [DEBUG] cheese - null
[2020-01-31T15:16:39.230] [DEBUG] cheese - null
[2020-01-31T15:16:57.411] [DEBUG] cheese - login => username:admin,password:123456
[2020-01-31T15:16:57.412] [DEBUG] cheese - admin
[2020-01-31T15:16:57.416] [DEBUG] cheese - null
[2020-01-31T15:16:57.416] [DEBUG] cheese - null
[2020-01-31T16:45:49.514] [DEBUG] cheese - null
[2020-02-01T15:19:52.934] [DEBUG] cheese - login => username:admin,password:123456
[2020-02-01T15:19:52.934] [DEBUG] cheese - admin
[2020-02-01T15:19:52.943] [DEBUG] cheese - null
[2020-02-01T15:19:52.943] [DEBUG] cheese - null
[2020-02-02T10:55:43.884] [DEBUG] cheese - login => username:admin,password:123456
[2020-02-02T10:55:43.884] [DEBUG] cheese - admin
[2020-02-02T10:55:43.887] [DEBUG] cheese - null
[2020-02-02T10:55:43.887] [DEBUG] cheese - null
[2020-02-02T12:23:43.455] [DEBUG] cheese - login => username:admin,password:123456
[2020-02-02T12:23:43.458] [DEBUG] cheese - admin
[2020-02-02T12:23:43.478] [DEBUG] cheese - null
[2020-02-02T12:23:43.478] [DEBUG] cheese - null
[2020-02-02T12:25:57.106] [DEBUG] cheese - login => username:admin,password:123456
[2020-02-02T12:25:57.106] [DEBUG] cheese - admin
[2020-02-02T12:25:57.112] [DEBUG] cheese - null
[2020-02-02T12:25:57.112] [DEBUG] cheese - null
[2020-02-02T12:27:41.624] [DEBUG] cheese - login => username:admin,password:123456
[2020-02-02T12:27:41.624] [DEBUG] cheese - admin
[2020-02-02T12:27:41.630] [DEBUG] cheese - null
[2020-02-02T12:27:41.630] [DEBUG] cheese - null
[2020-02-02T12:28:10.566] [DEBUG] cheese - login => username:admin5,password:123456
[2020-02-02T12:28:10.566] [DEBUG] cheese - admin5
[2020-02-02T12:28:10.570] [DEBUG] cheese - null
[2020-02-02T12:28:10.571] [DEBUG] cheese - null
[2020-02-02T12:28:31.941] [DEBUG] cheese - login => username:admin,password:123456
[2020-02-02T12:28:31.941] [DEBUG] cheese - admin
[2020-02-02T12:28:31.946] [DEBUG] cheese - null
[2020-02-02T12:28:31.946] [DEBUG] cheese - null
[2020-02-02T12:40:46.618] [DEBUG] cheese - login => username:admin,password:123456
[2020-02-02T12:40:46.619] [DEBUG] cheese - admin
[2020-02-02T12:40:46.622] [DEBUG] cheese - null
[2020-02-02T12:40:46.622] [DEBUG] cheese - null
[2020-02-02T12:47:25.040] [DEBUG] cheese - login => username:admin,password:123456
[2020-02-02T12:47:25.040] [DEBUG] cheese - admin
[2020-02-02T12:47:25.043] [DEBUG] cheese - null
[2020-02-02T12:47:25.043] [DEBUG] cheese - null
[2020-02-02T12:59:06.747] [DEBUG] cheese - login => username:admin,password:123456
[2020-02-02T12:59:06.750] [DEBUG] cheese - admin
[2020-02-02T12:59:06.762] [DEBUG] cheese - null
[2020-02-02T12:59:06.762] [DEBUG] cheese - null
[2020-02-02T13:42:31.266] [DEBUG] cheese - login => username:admin,password:123456
[2020-02-02T13:42:31.266] [DEBUG] cheese - admin
[2020-02-02T13:42:31.272] [DEBUG] cheese - null
[2020-02-02T13:42:31.273] [DEBUG] cheese - null
[2020-02-02T13:42:52.236] [DEBUG] cheese - login => username:admin,password:123456
[2020-02-02T13:42:52.237] [DEBUG] cheese - admin
[2020-02-02T13:42:52.241] [DEBUG] cheese - null
[2020-02-02T13:42:52.241] [DEBUG] cheese - null
[2020-02-02T13:43:22.373] [DEBUG] cheese - login => username:admin,password:123456
[2020-02-02T13:43:22.373] [DEBUG] cheese - admin
[2020-02-02T13:43:22.381] [DEBUG] cheese - null
[2020-02-02T13:43:22.382] [DEBUG] cheese - null
[2020-02-02T13:57:57.669] [DEBUG] cheese - login => username:admin,password:123456
[2020-02-02T13:57:57.669] [DEBUG] cheese - admin
[2020-02-02T13:57:57.675] [DEBUG] cheese - null
[2020-02-02T13:57:57.675] [DEBUG] cheese - null
[2020-02-02T14:01:00.834] [DEBUG] cheese - login => username:admin,password:123456
[2020-02-02T14:01:00.836] [DEBUG] cheese - admin
[2020-02-02T14:01:00.875] [DEBUG] cheese - null
[2020-02-02T14:01:00.876] [DEBUG] cheese - null
[2020-02-02T14:28:33.260] [DEBUG] cheese - login => username:admin,password:123456
[2020-02-02T14:28:33.260] [DEBUG] cheese - admin
[2020-02-02T14:28:33.263] [DEBUG] cheese - null
[2020-02-02T14:28:33.263] [DEBUG] cheese - null
[2020-02-02T14:35:49.467] [DEBUG] cheese - login => username:admin,password:123456
[2020-02-02T14:35:49.467] [DEBUG] cheese - admin
[2020-02-02T14:35:49.470] [DEBUG] cheese - null
[2020-02-02T14:35:49.470] [DEBUG] cheese - null
[2020-02-02T15:29:21.354] [DEBUG] cheese - login => username:admin,password:123456
[2020-02-02T15:29:21.354] [DEBUG] cheese - admin
[2020-02-02T15:29:21.363] [DEBUG] cheese - null
[2020-02-02T15:29:21.363] [DEBUG] cheese - null
[2020-02-02T15:34:42.350] [DEBUG] cheese - login => username:admin,password:123456
[2020-02-02T15:34:42.350] [DEBUG] cheese - admin
[2020-02-02T15:34:42.352] [DEBUG] cheese - null
[2020-02-02T15:34:42.353] [DEBUG] cheese - null
[2020-02-02T16:01:32.433] [DEBUG] cheese - login => username:admin,password:123456
[2020-02-02T16:01:32.433] [DEBUG] cheese - admin
[2020-02-02T16:01:32.435] [DEBUG] cheese - null
[2020-02-02T16:01:32.435] [DEBUG] cheese - null
[2020-02-02T16:11:20.413] [DEBUG] cheese - login => username:admin,password:123456
[2020-02-02T16:11:20.413] [DEBUG] cheese - admin
[2020-02-02T16:11:20.414] [DEBUG] cheese - null
[2020-02-02T16:11:20.414] [DEBUG] cheese - null
[2020-02-05T13:54:07.684] [DEBUG] cheese - login => username:admin,password:123456
[2020-02-05T13:54:07.685] [DEBUG] cheese - admin
[2020-02-05T13:54:07.719] [DEBUG] cheese - null
[2020-02-05T13:54:07.719] [DEBUG] cheese - null
[2020-02-14T17:01:46.873] [DEBUG] cheese - login => username:admin,password:123456
[2020-02-14T17:01:46.876] [DEBUG] cheese - admin
[2020-02-14T17:01:46.900] [DEBUG] cheese - null
[2020-02-14T17:01:46.901] [DEBUG] cheese - null
[2020-02-14T17:50:21.591] [DEBUG] cheese - login => username:admin,password:123456
[2020-02-14T17:50:21.594] [DEBUG] cheese - admin
[2020-02-14T17:50:21.604] [DEBUG] cheese - null
[2020-02-14T17:50:21.604] [DEBUG] cheese - null
[2020-02-14T17:51:46.243] [DEBUG] cheese - login => username:report,password:123456
[2020-02-14T17:51:46.244] [DEBUG] cheese - report
[2020-02-14T17:51:46.247] [DEBUG] cheese - null
[2020-02-14T17:51:46.247] [DEBUG] cheese - null
[2020-02-14T17:51:51.927] [DEBUG] cheese - login => username:admin,password:123456
[2020-02-14T17:51:51.928] [DEBUG] cheese - admin
[2020-02-14T17:51:51.930] [DEBUG] cheese - null
[2020-02-14T17:51:51.930] [DEBUG] cheese - null
[2020-02-14T17:53:05.427] [DEBUG] cheese - login => username:author,password:123456
[2020-02-14T17:53:05.427] [DEBUG] cheese - author
[2020-02-14T17:53:05.429] [DEBUG] cheese - null
[2020-02-14T17:53:05.429] [DEBUG] cheese - null
[2020-02-14T17:53:07.947] [DEBUG] cheese - null
[2020-02-14T17:53:07.949] [DEBUG] cheese - null
[2020-02-14T17:53:13.294] [DEBUG] cheese - null
[2020-02-14T17:53:13.296] [DEBUG] cheese - null
[2020-02-14T17:53:14.599] [DEBUG] cheese - null
[2020-02-14T17:53:14.601] [DEBUG] cheese - null
[2020-02-14T17:53:23.043] [DEBUG] cheese - login => username:admin,password:123456
[2020-02-14T17:53:23.043] [DEBUG] cheese - admin
[2020-02-14T17:53:23.045] [DEBUG] cheese - null
[2020-02-14T17:53:23.045] [DEBUG] cheese - null
[2020-02-15T13:35:26.258] [DEBUG] cheese - login => username:admin,password:123456
[2020-02-15T13:35:26.259] [DEBUG] cheese - admin
[2020-02-15T13:35:26.261] [DEBUG] cheese - null
[2020-02-15T13:35:26.261] [DEBUG] cheese - null
[2020-02-16T12:38:14.875] [DEBUG] cheese - login => username:admin,password:123456
[2020-02-16T12:38:14.875] [DEBUG] cheese - admin
[2020-02-16T12:38:14.885] [DEBUG] cheese - null
[2020-02-16T12:38:14.885] [DEBUG] cheese - null
[2020-02-19T12:23:52.880] [DEBUG] cheese - login => username:admin,password:123456
[2020-02-19T12:23:52.880] [DEBUG] cheese - admin
[2020-02-19T12:23:52.886] [DEBUG] cheese - null
[2020-02-19T12:23:52.887] [DEBUG] cheese - null
[2020-02-19T12:26:17.173] [DEBUG] cheese - login => username:admin,password:123456
[2020-02-19T12:26:17.173] [DEBUG] cheese - admin
[2020-02-19T12:26:17.176] [DEBUG] cheese - null
[2020-02-19T12:26:17.176] [DEBUG] cheese - null
[2020-02-19T12:27:14.420] [DEBUG] cheese - login => username:admin,password:123456
[2020-02-19T12:27:14.420] [DEBUG] cheese - admin
[2020-02-19T12:27:14.422] [DEBUG] cheese - null
[2020-02-19T12:27:14.423] [DEBUG] cheese - null
[2020-02-25T03:10:46.626] [DEBUG] cheese - login => username:admin,password:123456
[2020-02-25T03:10:46.629] [DEBUG] cheese - admin
[2020-02-25T03:10:46.663] [DEBUG] cheese - null
[2020-02-25T03:10:46.663] [DEBUG] cheese - null
[2020-02-25T03:12:31.943] [DEBUG] cheese - login => username:goods,password:123456
[2020-02-25T03:12:31.943] [DEBUG] cheese - goods
[2020-02-25T03:12:31.945] [DEBUG] cheese - null
[2020-02-25T03:12:31.945] [DEBUG] cheese - null
[2020-02-25T03:12:34.412] [DEBUG] cheese - login => username:admin,password:123456
[2020-02-25T03:12:34.412] [DEBUG] cheese - admin
[2020-02-25T03:12:34.415] [DEBUG] cheese - null
[2020-02-25T03:12:34.415] [DEBUG] cheese - null
[2020-02-25T03:12:53.832] [DEBUG] cheese - login => username:good,password:123456
[2020-02-25T03:12:53.832] [DEBUG] cheese - good
[2020-02-25T03:12:53.835] [DEBUG] cheese - null
[2020-02-25T03:12:53.835] [DEBUG] cheese - null
[2020-02-25T03:13:04.899] [DEBUG] cheese - login => username:goods,password:123456
[2020-02-25T03:13:04.899] [DEBUG] cheese - goods
[2020-02-25T03:13:04.901] [DEBUG] cheese - null
[2020-02-25T03:13:04.901] [DEBUG] cheese - null
[2020-02-25T03:13:08.296] [DEBUG] cheese - null
[2020-02-25T03:13:08.298] [DEBUG] cheese - null
[2020-02-25T03:13:24.035] [DEBUG] cheese - null
[2020-02-25T03:13:24.038] [DEBUG] cheese - null
[2020-02-25T03:13:28.201] [DEBUG] cheese - null
[2020-02-25T03:13:28.203] [DEBUG] cheese - null
[2020-02-25T03:13:51.407] [DEBUG] cheese - null
[2020-02-25T03:13:51.410] [DEBUG] cheese - null
[2020-02-25T03:13:56.478] [DEBUG] cheese - null
[2020-02-25T03:13:56.480] [DEBUG] cheese - null
[2020-02-25T03:13:59.727] [DEBUG] cheese - null
[2020-02-25T03:13:59.729] [DEBUG] cheese - null
[2020-02-25T03:14:04.221] [DEBUG] cheese - null
[2020-02-25T03:14:04.224] [DEBUG] cheese - null
[2020-02-25T03:14:04.272] [DEBUG] cheese - null
[2020-02-25T03:14:04.273] [DEBUG] cheese - null
[2020-02-25T03:14:12.593] [DEBUG] cheese - login => username:goods,password:123456
[2020-02-25T03:14:12.593] [DEBUG] cheese - goods
[2020-02-25T03:14:12.596] [DEBUG] cheese - null
[2020-02-25T03:14:12.596] [DEBUG] cheese - null
[2020-02-25T03:14:15.186] [DEBUG] cheese - null
[2020-02-25T03:14:15.188] [DEBUG] cheese - null
[2020-02-25T03:14:16.064] [DEBUG] cheese - null
[2020-02-25T03:14:16.065] [DEBUG] cheese - null
[2020-02-25T03:14:17.239] [DEBUG] cheese - null
[2020-02-25T03:14:17.241] [DEBUG] cheese - null
[2020-02-25T03:14:23.251] [DEBUG] cheese - login => username:admin,password:123456
[2020-02-25T03:14:23.251] [DEBUG] cheese - admin
[2020-02-25T03:14:23.253] [DEBUG] cheese - null
[2020-02-25T03:14:23.253] [DEBUG] cheese - null
[2020-02-25T03:16:13.919] [DEBUG] cheese - login => username:goods,password:123456
[2020-02-25T03:16:13.919] [DEBUG] cheese - goods
[2020-02-25T03:16:13.920] [DEBUG] cheese - null
[2020-02-25T03:16:13.921] [DEBUG] cheese - null
[2020-02-25T03:16:17.235] [DEBUG] cheese - null
[2020-02-25T03:16:17.236] [DEBUG] cheese - null
[2020-02-25T03:16:20.234] [DEBUG] cheese - null
[2020-02-25T03:16:20.239] [DEBUG] cheese - null
[2020-02-25T03:16:21.420] [DEBUG] cheese - null
[2020-02-25T03:16:21.427] [DEBUG] cheese - null
[2020-02-25T03:16:28.501] [DEBUG] cheese - login => username:admin,password:123456
[2020-02-25T03:16:28.502] [DEBUG] cheese - admin
[2020-02-25T03:16:28.513] [DEBUG] cheese - null
[2020-02-25T03:16:28.513] [DEBUG] cheese - null
[2020-02-25T03:23:35.712] [DEBUG] cheese - login => username:admin,password:123456
[2020-02-25T03:23:35.712] [DEBUG] cheese - admin
[2020-02-25T03:23:35.715] [DEBUG] cheese - null
[2020-02-25T03:23:35.715] [DEBUG] cheese - null
[2020-02-25T03:25:38.822] [DEBUG] cheese - null
[2020-02-25T03:26:05.449] [DEBUG] cheese - login => username:linken,password:123456
[2020-02-25T03:26:05.450] [DEBUG] cheese - linken
[2020-02-25T03:26:05.451] [DEBUG] cheese - null
[2020-02-25T03:26:05.451] [DEBUG] cheese - null
[2020-02-25T03:26:07.914] [DEBUG] cheese - null
[2020-02-25T03:26:12.458] [DEBUG] cheese - null
[2020-02-25T03:26:18.375] [DEBUG] cheese - null
[2020-02-25T03:26:18.377] [DEBUG] cheese - null
[2020-02-25T03:26:21.334] [DEBUG] cheese - null
[2020-02-25T03:26:21.335] [DEBUG] cheese - null
[2020-02-25T03:26:22.151] [DEBUG] cheese - null
[2020-02-25T03:26:22.153] [DEBUG] cheese - null
[2020-02-25T03:26:22.799] [DEBUG] cheese - null
[2020-02-25T03:26:22.801] [DEBUG] cheese - null
[2020-02-25T03:26:25.970] [DEBUG] cheese - login => username:admin,password:123456
[2020-02-25T03:26:25.970] [DEBUG] cheese - admin
[2020-02-25T03:26:25.972] [DEBUG] cheese - null
[2020-02-25T03:26:25.972] [DEBUG] cheese - null
[2020-02-25T03:44:58.658] [DEBUG] cheese - login => username:admin,password:123456
[2020-02-25T03:44:58.658] [DEBUG] cheese - admin
[2020-02-25T03:44:58.660] [DEBUG] cheese - null
[2020-02-25T03:44:58.660] [DEBUG] cheese - null
[2020-02-25T09:35:09.360] [DEBUG] cheese - login => username:admin,password:123456
[2020-02-25T09:35:09.360] [DEBUG] cheese - admin
[2020-02-25T09:35:09.361] [DEBUG] cheese - null
[2020-02-25T09:35:09.361] [DEBUG] cheese - null
[2020-02-25T09:35:20.332] [DEBUG] cheese - login => username:goods,password:123456
[2020-02-25T09:35:20.333] [DEBUG] cheese - goods
[2020-02-25T09:35:20.335] [DEBUG] cheese - null
[2020-02-25T09:35:20.335] [DEBUG] cheese - null
[2020-02-25T09:35:22.817] [DEBUG] cheese - null
[2020-02-25T09:35:22.819] [DEBUG] cheese - null
[2020-02-25T09:35:23.402] [DEBUG] cheese - null
[2020-02-25T09:35:23.404] [DEBUG] cheese - null
[2020-02-25T09:35:31.430] [DEBUG] cheese - login => username:author,password:123456
[2020-02-25T09:35:31.430] [DEBUG] cheese - author
[2020-02-25T09:35:31.432] [DEBUG] cheese - null
[2020-02-25T09:35:31.432] [DEBUG] cheese - null
[2020-02-25T09:35:33.625] [DEBUG] cheese - null
[2020-02-25T09:35:33.626] [DEBUG] cheese - null
[2020-02-25T09:35:34.109] [DEBUG] cheese - null
[2020-02-25T09:35:34.110] [DEBUG] cheese - null
[2020-02-25T09:36:07.230] [DEBUG] cheese - login => username:admin,password:123456
[2020-02-25T09:36:07.230] [DEBUG] cheese - admin
[2020-02-25T09:36:07.233] [DEBUG] cheese - null
[2020-02-25T09:36:07.233] [DEBUG] cheese - null
[2020-02-25T09:36:57.448] [DEBUG] cheese - login => username:test,password:123456
[2020-02-25T09:36:57.448] [DEBUG] cheese - test
[2020-02-25T09:36:57.450] [DEBUG] cheese - null
[2020-02-25T09:36:57.451] [DEBUG] cheese - null
[2020-02-25T09:36:59.390] [DEBUG] cheese - login => username:admin,password:123456
[2020-02-25T09:36:59.390] [DEBUG] cheese - admin
[2020-02-25T09:36:59.392] [DEBUG] cheese - null
[2020-02-25T09:36:59.392] [DEBUG] cheese - null
[2020-02-25T09:37:20.461] [DEBUG] cheese - login => username:test,password:123456
[2020-02-25T09:37:20.461] [DEBUG] cheese - test
[2020-02-25T09:37:20.463] [DEBUG] cheese - null
[2020-02-25T09:37:20.463] [DEBUG] cheese - null
[2020-02-25T09:37:22.733] [DEBUG] cheese - null
[2020-02-25T09:37:22.734] [DEBUG] cheese - null
[2020-02-25T09:37:26.423] [DEBUG] cheese - login => username:admin,password:123456
[2020-02-25T09:37:26.424] [DEBUG] cheese - admin
[2020-02-25T09:37:26.425] [DEBUG] cheese - null
[2020-02-25T09:37:26.425] [DEBUG] cheese - null
[2020-02-25T09:37:34.639] [DEBUG] cheese - null
[2020-02-25T09:37:38.764] [DEBUG] cheese - null
[2020-02-25T09:37:44.419] [DEBUG] cheese - login => username:test,password:123456
[2020-02-25T09:37:44.419] [DEBUG] cheese - test
[2020-02-25T09:37:44.422] [DEBUG] cheese - null
[2020-02-25T09:37:44.422] [DEBUG] cheese - null
[2020-02-25T09:52:10.526] [DEBUG] cheese - null
[2020-02-25T09:52:10.528] [DEBUG] cheese - null
[2020-02-25T09:52:11.905] [DEBUG] cheese - null
[2020-02-25T09:52:11.906] [DEBUG] cheese - null
[2020-02-25T09:52:13.187] [DEBUG] cheese - null
[2020-02-25T09:52:13.189] [DEBUG] cheese - null
[2020-02-25T09:52:15.056] [DEBUG] cheese - null
[2020-02-25T09:52:15.057] [DEBUG] cheese - null
[2020-02-25T09:52:25.023] [DEBUG] cheese - null
[2020-02-25T09:52:25.024] [DEBUG] cheese - null
[2020-02-25T09:52:26.311] [DEBUG] cheese - null
[2020-02-25T09:52:26.312] [DEBUG] cheese - null
[2020-03-08T23:33:06.424] [DEBUG] cheese - login => username:admin,password:123456
[2020-03-08T23:33:06.428] [DEBUG] cheese - admin
[2020-03-08T23:33:06.483] [DEBUG] cheese - null
[2020-03-08T23:33:06.484] [DEBUG] cheese - null
[2020-03-08T23:33:18.033] [DEBUG] cheese - login => username:admin,password:123456
[2020-03-08T23:33:18.033] [DEBUG] cheese - admin
[2020-03-08T23:33:18.039] [DEBUG] cheese - null
[2020-03-08T23:33:18.039] [DEBUG] cheese - null
[2020-05-10T14:25:31.868] [DEBUG] cheese - login => username:admin,password:123456
[2020-05-10T14:25:31.870] [DEBUG] cheese - admin
[2020-05-10T14:25:31.873] [DEBUG] cheese - null
[2020-05-10T14:25:31.874] [DEBUG] cheese - null
[2020-05-10T15:07:35.379] [DEBUG] cheese - login => username:admin,password:123456
[2020-05-10T15:07:35.380] [DEBUG] cheese - admin
[2020-05-10T15:07:35.383] [DEBUG] cheese - null
[2020-05-10T15:07:35.384] [DEBUG] cheese - null
[2020-05-10T19:03:52.723] [DEBUG] cheese - null
[2020-05-10T20:19:05.862] [DEBUG] cheese - null
[2020-05-10T20:19:08.042] [DEBUG] cheese - null
[2020-05-10T20:19:14.916] [DEBUG] cheese - null
[2020-05-10T20:20:50.707] [DEBUG] cheese - null
[2020-05-10T20:34:35.234] [DEBUG] cheese - null
[2020-05-10T21:08:59.662] [DEBUG] cheese - null
[2020-05-10T21:09:16.626] [DEBUG] cheese - null
[2020-05-10T21:15:11.631] [DEBUG] cheese - login => username:admin,password:123456
[2020-05-10T21:15:11.631] [DEBUG] cheese - admin
[2020-05-10T21:15:11.642] [DEBUG] cheese - null
[2020-05-10T21:15:11.642] [DEBUG] cheese - null
[2020-05-10T21:15:41.909] [DEBUG] cheese - null
[2020-05-10T21:18:11.022] [DEBUG] cheese - null
[2020-05-10T21:20:39.783] [DEBUG] cheese - null
[2020-05-10T21:20:45.997] [DEBUG] cheese - null
[2020-05-10T21:20:50.276] [DEBUG] cheese - null
[2020-05-10T21:21:09.950] [DEBUG] cheese - null
[2020-05-10T21:21:39.098] [DEBUG] cheese - null
[2020-05-10T21:21:57.069] [DEBUG] cheese - null
[2020-05-10T21:22:59.172] [DEBUG] cheese - null
[2020-05-10T21:23:19.060] [DEBUG] cheese - null
[2020-05-10T21:23:22.356] [DEBUG] cheese - null
[2020-05-10T21:24:14.849] [DEBUG] cheese - null
[2020-05-11T18:50:51.339] [DEBUG] cheese - login => username:admin,password:123456
[2020-05-11T18:50:51.341] [DEBUG] cheese - admin
[2020-05-11T18:50:51.399] [DEBUG] cheese - null
[2020-05-11T18:50:51.399] [DEBUG] cheese - null
[2020-05-11T19:11:07.509] [DEBUG] cheese - login => username:admin,password:123456
[2020-05-11T19:11:07.509] [DEBUG] cheese - admin
[2020-05-11T19:11:07.512] [DEBUG] cheese - null
[2020-05-11T19:11:07.513] [DEBUG] cheese - null
[2020-05-11T19:14:58.951] [DEBUG] cheese - login => username:admin,password:123456
[2020-05-11T19:14:58.951] [DEBUG] cheese - admin
[2020-05-11T19:14:58.955] [DEBUG] cheese - null
[2020-05-11T19:14:58.955] [DEBUG] cheese - null
[2020-05-11T19:15:12.212] [DEBUG] cheese - login => username:admin,password:123456
[2020-05-11T19:15:12.212] [DEBUG] cheese - admin
[2020-05-11T19:15:12.214] [DEBUG] cheese - null
[2020-05-11T19:15:12.214] [DEBUG] cheese - null
[2020-05-11T19:17:08.497] [DEBUG] cheese - null
[2020-12-09T22:05:16.743] [DEBUG] cheese - login => username:zsa,password:123aaaa
[2020-12-09T22:05:16.745] [DEBUG] cheese - zsa
[2020-12-09T22:05:16.825] [DEBUG] cheese - null
[2020-12-09T22:05:16.826] [DEBUG] cheese - null
[2020-12-09T22:05:20.523] [DEBUG] cheese - login => username:zsa,password:123aaaa
[2020-12-09T22:05:20.523] [DEBUG] cheese - zsa
[2020-12-09T22:05:20.530] [DEBUG] cheese - null
[2020-12-09T22:05:20.530] [DEBUG] cheese - null
[2020-12-09T22:05:21.248] [DEBUG] cheese - login => username:zsa,password:123aaaa
[2020-12-09T22:05:21.248] [DEBUG] cheese - zsa
[2020-12-09T22:05:21.253] [DEBUG] cheese - null
[2020-12-09T22:05:21.253] [DEBUG] cheese - null
[2020-12-09T22:05:21.560] [DEBUG] cheese - login => username:zsa,password:123aaaa
[2020-12-09T22:05:21.560] [DEBUG] cheese - zsa
[2020-12-09T22:05:21.564] [DEBUG] cheese - null
[2020-12-09T22:05:21.564] [DEBUG] cheese - null
[2020-12-09T22:05:21.722] [DEBUG] cheese - login => username:zsa,password:123aaaa
[2020-12-09T22:05:21.722] [DEBUG] cheese - zsa
[2020-12-09T22:05:21.727] [DEBUG] cheese - null
[2020-12-09T22:05:21.727] [DEBUG] cheese - null
[2020-12-09T22:05:21.887] [DEBUG] cheese - login => username:zsa,password:123aaaa
[2020-12-09T22:05:21.887] [DEBUG] cheese - zsa
[2020-12-09T22:05:21.889] [DEBUG] cheese - null
[2020-12-09T22:05:21.890] [DEBUG] cheese - null
[2020-12-09T22:05:22.065] [DEBUG] cheese - login => username:zsa,password:123aaaa
[2020-12-09T22:05:22.066] [DEBUG] cheese - zsa
[2020-12-09T22:05:22.069] [DEBUG] cheese - null
[2020-12-09T22:05:22.069] [DEBUG] cheese - null
[2020-12-09T22:05:22.265] [DEBUG] cheese - login => username:zsa,password:123aaaa
[2020-12-09T22:05:22.265] [DEBUG] cheese - zsa
[2020-12-09T22:05:22.272] [DEBUG] cheese - null
[2020-12-09T22:05:22.272] [DEBUG] cheese - null
[2020-12-09T22:05:27.774] [DEBUG] cheese - login => username:zsa,password:123aaaa
[2020-12-09T22:05:27.774] [DEBUG] cheese - zsa
[2020-12-09T22:05:27.777] [DEBUG] cheese - null
[2020-12-09T22:05:27.777] [DEBUG] cheese - null
[2020-12-09T22:05:27.911] [DEBUG] cheese - login => username:zsa,password:123aaaa
[2020-12-09T22:05:27.912] [DEBUG] cheese - zsa
[2020-12-09T22:05:27.915] [DEBUG] cheese - null
[2020-12-09T22:05:27.915] [DEBUG] cheese - null
[2020-12-09T22:05:28.087] [DEBUG] cheese - login => username:zsa,password:123aaaa
[2020-12-09T22:05:28.087] [DEBUG] cheese - zsa
[2020-12-09T22:05:28.091] [DEBUG] cheese - null
[2020-12-09T22:05:28.091] [DEBUG] cheese - null
[2020-12-09T22:05:28.376] [DEBUG] cheese - login => username:zsa,password:123aaaa
[2020-12-09T22:05:28.376] [DEBUG] cheese - zsa
[2020-12-09T22:05:28.380] [DEBUG] cheese - null
[2020-12-09T22:05:28.380] [DEBUG] cheese - null
[2020-12-09T22:05:28.537] [DEBUG] cheese - login => username:zsa,password:123aaaa
[2020-12-09T22:05:28.537] [DEBUG] cheese - zsa
[2020-12-09T22:05:28.542] [DEBUG] cheese - null
[2020-12-09T22:05:28.542] [DEBUG] cheese - null
[2020-12-09T22:06:17.089] [DEBUG] cheese - login => username:zsa,password:123asda
[2020-12-09T22:06:17.089] [DEBUG] cheese - zsa
[2020-12-09T22:06:17.093] [DEBUG] cheese - null
[2020-12-09T22:06:17.093] [DEBUG] cheese - null
[2020-12-09T22:07:11.595] [DEBUG] cheese - login => username:zsasd,password:123asdasf
[2020-12-09T22:07:11.595] [DEBUG] cheese - zsasd
[2020-12-09T22:07:11.623] [DEBUG] cheese - null
[2020-12-09T22:07:11.623] [DEBUG] cheese - null
[2020-12-09T22:08:29.773] [DEBUG] cheese - login => username:admin,password:123456
[2020-12-09T22:08:29.774] [DEBUG] cheese - admin
[2020-12-09T22:08:29.791] [DEBUG] cheese - null
[2020-12-09T22:08:29.791] [DEBUG] cheese - null
[2020-12-09T22:10:06.502] [DEBUG] cheese - login => username:zsaa,password:123aaaa
[2020-12-09T22:10:06.502] [DEBUG] cheese - zsaa
[2020-12-09T22:10:06.505] [DEBUG] cheese - null
[2020-12-09T22:10:06.506] [DEBUG] cheese - null
[2020-12-09T22:10:20.103] [DEBUG] cheese - login => username:admin,password:123456
[2020-12-09T22:10:20.103] [DEBUG] cheese - admin
[2020-12-09T22:10:20.108] [DEBUG] cheese - null
[2020-12-09T22:10:20.108] [DEBUG] cheese - null
[2020-12-09T22:15:57.686] [DEBUG] cheese - login => username:zs1,password:123222
[2020-12-09T22:15:57.687] [DEBUG] cheese - zs1
[2020-12-09T22:15:57.704] [DEBUG] cheese - null
[2020-12-09T22:15:57.705] [DEBUG] cheese - null
[2020-12-09T22:16:43.500] [DEBUG] cheese - login => username:admin,password:123456
[2020-12-09T22:16:43.500] [DEBUG] cheese - admin
[2020-12-09T22:16:43.507] [DEBUG] cheese - null
[2020-12-09T22:16:43.507] [DEBUG] cheese - null
[2020-12-10T12:12:59.347] [DEBUG] cheese - login => username:zsa,password:123asdas
[2020-12-10T12:12:59.351] [DEBUG] cheese - zsa
[2020-12-10T12:12:59.472] [DEBUG] cheese - null
[2020-12-10T12:12:59.474] [DEBUG] cheese - null
[2020-12-10T12:13:10.201] [DEBUG] cheese - login => username:zsa,password:123asdas
[2020-12-10T12:13:10.201] [DEBUG] cheese - zsa
[2020-12-10T12:13:10.204] [DEBUG] cheese - null
[2020-12-10T12:13:10.204] [DEBUG] cheese - null
[2020-12-10T12:14:10.104] [DEBUG] cheese - login => username:zsaasd,password:123adsad
[2020-12-10T12:14:10.157] [DEBUG] cheese - zsaasd
[2020-12-10T12:14:10.162] [DEBUG] cheese - null
[2020-12-10T12:14:10.162] [DEBUG] cheese - null
[2020-12-10T12:14:58.350] [DEBUG] cheese - login => username:zs阿萨德,password:123asd
[2020-12-10T12:14:58.350] [DEBUG] cheese - zs阿萨德
[2020-12-10T12:14:58.357] [DEBUG] cheese - null
[2020-12-10T12:14:58.357] [DEBUG] cheese - null
[2020-12-10T12:15:08.157] [DEBUG] cheese - login => username:zs阿萨德,password:123asd
[2020-12-10T12:15:08.160] [DEBUG] cheese - zs阿萨德
[2020-12-10T12:15:08.162] [DEBUG] cheese - null
[2020-12-10T12:15:08.162] [DEBUG] cheese - null
[2020-12-10T12:15:20.194] [DEBUG] cheese - login => username:admin,password:123456
[2020-12-10T12:15:20.194] [DEBUG] cheese - admin
[2020-12-10T12:15:20.216] [DEBUG] cheese - null
[2020-12-10T12:15:20.216] [DEBUG] cheese - null
[2020-12-10T12:19:20.265] [DEBUG] cheese - login => username:admin,password:123456
[2020-12-10T12:19:20.266] [DEBUG] cheese - admin
[2020-12-10T12:19:20.271] [DEBUG] cheese - null
[2020-12-10T12:19:20.271] [DEBUG] cheese - null
[2020-12-10T12:32:27.334] [DEBUG] cheese - login => username:admin,password:123456
[2020-12-10T12:32:27.334] [DEBUG] cheese - admin
[2020-12-10T12:32:27.356] [DEBUG] cheese - null
[2020-12-10T12:32:27.356] [DEBUG] cheese - null
[2020-12-10T12:33:53.516] [DEBUG] cheese - login => username:admin,password:123456
[2020-12-10T12:33:53.516] [DEBUG] cheese - admin
[2020-12-10T12:33:53.521] [DEBUG] cheese - null
[2020-12-10T12:33:53.522] [DEBUG] cheese - null
[2020-12-10T13:56:27.347] [DEBUG] cheese - login => username:admin,password:123456
[2020-12-10T13:56:27.347] [DEBUG] cheese - admin
[2020-12-10T13:56:27.351] [DEBUG] cheese - null
[2020-12-10T13:56:27.351] [DEBUG] cheese - null
[2020-12-10T13:57:08.889] [DEBUG] cheese - login => username:admin,password:123456
[2020-12-10T13:57:08.920] [DEBUG] cheese - admin
[2020-12-10T13:57:08.923] [DEBUG] cheese - null
[2020-12-10T13:57:08.923] [DEBUG] cheese - null
[2020-12-10T14:10:35.912] [DEBUG] cheese - login => username:admin,password:123456
[2020-12-10T14:10:35.912] [DEBUG] cheese - admin
[2020-12-10T14:10:35.920] [DEBUG] cheese - null
[2020-12-10T14:10:35.920] [DEBUG] cheese - null
[2020-12-10T14:10:51.827] [DEBUG] cheese - login => username:admin,password:123456
[2020-12-10T14:10:51.827] [DEBUG] cheese - admin
[2020-12-10T14:10:51.830] [DEBUG] cheese - null
[2020-12-10T14:10:51.918] [DEBUG] cheese - null
[2020-12-10T16:08:09.050] [DEBUG] cheese - login => username:admin,password:123456
[2020-12-10T16:08:09.059] [DEBUG] cheese - admin
[2020-12-10T16:08:09.220] [DEBUG] cheese - null
[2020-12-10T16:08:09.220] [DEBUG] cheese - null
[2020-12-10T16:09:03.592] [DEBUG] cheese - login => username:admin,password:123456
[2020-12-10T16:09:03.592] [DEBUG] cheese - admin
[2020-12-10T16:09:03.635] [DEBUG] cheese - null
[2020-12-10T16:09:03.636] [DEBUG] cheese - null
[2020-12-10T16:23:05.662] [DEBUG] cheese - login => username:admin,password:123456
[2020-12-10T16:23:05.664] [DEBUG] cheese - admin
[2020-12-10T16:23:05.710] [DEBUG] cheese - null
[2020-12-10T16:23:05.712] [DEBUG] cheese - null
[2020-12-10T16:56:07.577] [DEBUG] cheese - login => username:admin,password:123456
[2020-12-10T16:56:07.582] [DEBUG] cheese - admin
[2020-12-10T16:56:07.725] [DEBUG] cheese - null
[2020-12-10T16:56:07.725] [DEBUG] cheese - null
[2020-12-10T17:11:55.947] [DEBUG] cheese - login => username:admin,password:123456
[2020-12-10T17:11:55.949] [DEBUG] cheese - admin
[2020-12-10T17:11:55.955] [DEBUG] cheese - null
[2020-12-10T17:11:55.955] [DEBUG] cheese - null
[2020-12-10T18:09:04.294] [DEBUG] cheese - login => username:admin,password:123456
[2020-12-10T18:09:04.304] [DEBUG] cheese - admin
[2020-12-10T18:09:04.496] [DEBUG] cheese - null
[2020-12-10T18:09:04.496] [DEBUG] cheese - null
[2020-12-10T18:10:57.980] [DEBUG] cheese - login => username:admin,password:123456
[2020-12-10T18:10:57.982] [DEBUG] cheese - admin
[2020-12-10T18:10:57.990] [DEBUG] cheese - null
[2020-12-10T18:10:57.990] [DEBUG] cheese - null
[2020-12-10T18:11:35.847] [DEBUG] cheese - login => username:admin,password:123456
[2020-12-10T18:11:35.847] [DEBUG] cheese - admin
[2020-12-10T18:11:35.856] [DEBUG] cheese - null
[2020-12-10T18:11:35.856] [DEBUG] cheese - null
[2020-12-11T12:10:38.689] [DEBUG] cheese - login => username:admin,password:123456
[2020-12-11T12:10:38.694] [DEBUG] cheese - admin
[2020-12-11T12:10:38.809] [DEBUG] cheese - null
[2020-12-11T12:10:38.811] [DEBUG] cheese - null
[2020-12-11T12:12:38.381] [DEBUG] cheese - login => username:admin,password:123456
[2020-12-11T12:12:38.381] [DEBUG] cheese - admin
[2020-12-11T12:12:38.385] [DEBUG] cheese - null
[2020-12-11T12:12:38.386] [DEBUG] cheese - null
[2020-12-11T13:30:39.578] [DEBUG] cheese - login => username:admin,password:123456
[2020-12-11T13:30:39.582] [DEBUG] cheese - admin
[2020-12-11T13:30:39.606] [DEBUG] cheese - null
[2020-12-11T13:30:39.606] [DEBUG] cheese - null
[2020-12-11T13:42:09.536] [DEBUG] cheese - login => username:admin,password:123456
[2020-12-11T13:42:09.537] [DEBUG] cheese - admin
[2020-12-11T13:42:09.548] [DEBUG] cheese - null
[2020-12-11T13:42:09.548] [DEBUG] cheese - null
[2020-12-11T13:43:55.754] [DEBUG] cheese - login => username:admin,password:123456
[2020-12-11T13:43:55.756] [DEBUG] cheese - admin
[2020-12-11T13:43:55.760] [DEBUG] cheese - null
[2020-12-11T13:43:55.761] [DEBUG] cheese - null
[2020-12-11T13:44:17.908] [DEBUG] cheese - login => username:admin,password:123456
[2020-12-11T13:44:17.908] [DEBUG] cheese - admin
[2020-12-11T13:44:17.912] [DEBUG] cheese - null
[2020-12-11T13:44:17.912] [DEBUG] cheese - null
[2020-12-12T19:38:41.618] [DEBUG] cheese - login => username:admin,password:123456
[2020-12-12T19:38:41.621] [DEBUG] cheese - admin
[2020-12-12T19:38:41.667] [DEBUG] cheese - null
[2020-12-12T19:38:41.669] [DEBUG] cheese - null
[2020-12-12T21:25:03.724] [DEBUG] cheese - login => username:admin,password:123456
[2020-12-12T21:25:03.743] [DEBUG] cheese - admin
[2020-12-12T21:25:03.798] [DEBUG] cheese - null
[2020-12-12T21:25:03.799] [DEBUG] cheese - null
[2020-12-13T11:24:00.789] [DEBUG] cheese - login => username:admin,password:123456
[2020-12-13T11:24:00.792] [DEBUG] cheese - admin
[2020-12-13T11:24:00.867] [DEBUG] cheese - null
[2020-12-13T11:24:00.869] [DEBUG] cheese - null
[2020-12-14T10:42:45.963] [DEBUG] cheese - login => username:admin,password:123456
[2020-12-14T10:42:45.966] [DEBUG] cheese - admin
[2020-12-14T10:42:46.071] [DEBUG] cheese - null
[2020-12-14T10:42:46.074] [DEBUG] cheese - null
[2020-12-14T12:27:44.603] [DEBUG] cheese - null
[2020-12-14T12:32:49.608] [DEBUG] cheese - null
[2020-12-14T17:52:17.444] [DEBUG] cheese - login => username:admin,password:123456
[2020-12-14T17:52:17.457] [DEBUG] cheese - admin
[2020-12-14T17:52:17.572] [DEBUG] cheese - null
[2020-12-14T17:52:17.573] [DEBUG] cheese - null
[2020-12-15T12:59:27.140] [DEBUG] cheese - login => username:admin,password:123456
[2020-12-15T12:59:27.142] [DEBUG] cheese - admin
[2020-12-15T12:59:27.209] [DEBUG] cheese - null
[2020-12-15T12:59:27.211] [DEBUG] cheese - null
[2020-12-16T11:31:47.945] [DEBUG] cheese - login => username:admin,password:123456
[2020-12-16T11:31:47.947] [DEBUG] cheese - admin
[2020-12-16T11:31:47.991] [DEBUG] cheese - null
[2020-12-16T11:31:47.993] [DEBUG] cheese - null
[2020-12-16T14:02:12.591] [DEBUG] cheese - login => username:admin,password:123456
[2020-12-16T14:02:12.598] [DEBUG] cheese - admin
[2020-12-16T14:02:12.613] [DEBUG] cheese - null
[2020-12-16T14:02:12.615] [DEBUG] cheese - null
[2020-12-17T12:16:33.496] [DEBUG] cheese - login => username:admin,password:123456
[2020-12-17T12:16:33.504] [DEBUG] cheese - admin
[2020-12-17T12:16:33.753] [DEBUG] cheese - null
[2020-12-17T12:16:33.755] [DEBUG] cheese - null
[2020-12-18T12:41:00.045] [DEBUG] cheese - login => username:admin,password:123456
[2020-12-18T12:41:00.051] [DEBUG] cheese - admin
[2020-12-18T12:41:00.168] [DEBUG] cheese - null
[2020-12-18T12:41:00.170] [DEBUG] cheese - null
[2020-12-18T13:57:18.039] [DEBUG] cheese - login => username:admin,password:123456
[2020-12-18T13:57:18.045] [DEBUG] cheese - admin
[2020-12-18T13:57:18.060] [DEBUG] cheese - null
[2020-12-18T13:57:18.063] [DEBUG] cheese - null
[2020-12-18T22:28:29.874] [DEBUG] cheese - null
[2020-12-18T22:30:04.880] [DEBUG] cheese - null
[2020-12-18T22:30:15.124] [DEBUG] cheese - null
[2020-12-18T22:31:09.838] [DEBUG] cheese - null
[2020-12-18T22:31:15.686] [DEBUG] cheese - null
[2020-12-18T22:33:54.212] [DEBUG] cheese - null
[2020-12-19T13:27:25.079] [DEBUG] cheese - login => username:admin,password:123456
[2020-12-19T13:27:25.082] [DEBUG] cheese - admin
[2020-12-19T13:27:25.141] [DEBUG] cheese - null
[2020-12-19T13:27:25.144] [DEBUG] cheese - null
[2020-12-19T17:26:24.724] [DEBUG] cheese - login => username:admin,password:123456
[2020-12-19T17:26:24.735] [DEBUG] cheese - admin
[2020-12-19T17:26:24.847] [DEBUG] cheese - null
[2020-12-19T17:26:24.850] [DEBUG] cheese - null
[2020-12-19T17:48:22.628] [DEBUG] cheese - login => username:admin,password:123456
[2020-12-19T17:48:22.641] [DEBUG] cheese - admin
[2020-12-19T17:48:22.669] [DEBUG] cheese - null
[2020-12-19T17:48:22.669] [DEBUG] cheese - null
[2020-12-19T23:40:05.508] [DEBUG] cheese - login => username:admin,password:123456
[2020-12-19T23:40:05.523] [DEBUG] cheese - admin
[2020-12-19T23:40:05.698] [DEBUG] cheese - null
[2020-12-19T23:40:05.698] [DEBUG] cheese - null
[2020-12-19T23:55:07.209] [DEBUG] cheese - login => username:admin,password:123456
[2020-12-19T23:55:07.223] [DEBUG] cheese - admin
[2020-12-19T23:55:07.510] [DEBUG] cheese - null
[2020-12-19T23:55:07.510] [DEBUG] cheese - null
[2020-12-20T00:13:37.528] [DEBUG] cheese - login => username:admin,password:123456
[2020-12-20T00:13:37.550] [DEBUG] cheese - admin
[2020-12-20T00:13:37.710] [DEBUG] cheese - null
[2020-12-20T00:13:37.713] [DEBUG] cheese - null
[2020-12-20T12:18:04.327] [DEBUG] cheese - login => username:admin,password:123456
[2020-12-20T12:18:04.341] [DEBUG] cheese - admin
[2020-12-20T12:18:04.588] [DEBUG] cheese - null
[2020-12-20T12:18:04.592] [DEBUG] cheese - null
[2020-12-20T13:08:13.143] [DEBUG] cheese - login => username:admin,password:123456
[2020-12-20T13:08:13.156] [DEBUG] cheese - admin
[2020-12-20T13:08:13.311] [DEBUG] cheese - null
[2020-12-20T13:08:13.311] [DEBUG] cheese - null
[2020-12-20T13:33:06.334] [DEBUG] cheese - login => username:admin,password:123456
[2020-12-20T13:33:06.345] [DEBUG] cheese - admin
[2020-12-20T13:33:06.419] [DEBUG] cheese - null
[2020-12-20T13:33:06.419] [DEBUG] cheese - null
[2020-12-20T13:56:44.541] [DEBUG] cheese - login => username:admin,password:123456
[2020-12-20T13:56:44.547] [DEBUG] cheese - admin
[2020-12-20T13:56:44.558] [DEBUG] cheese - null
[2020-12-20T13:56:44.558] [DEBUG] cheese - null
[2020-12-20T16:49:33.651] [DEBUG] cheese - login => username:admin,password:123456
[2020-12-20T16:49:33.662] [DEBUG] cheese - admin
[2020-12-20T16:49:33.902] [DEBUG] cheese - null
[2020-12-20T16:49:33.904] [DEBUG] cheese - null
[2020-12-20T16:52:04.426] [DEBUG] cheese - login => username:admin,password:123456
[2020-12-20T16:52:04.426] [DEBUG] cheese - admin
[2020-12-20T16:52:04.429] [DEBUG] cheese - null
[2020-12-20T16:52:04.429] [DEBUG] cheese - null
[2020-12-20T16:52:25.948] [DEBUG] cheese - login => username:admin,password:123456
[2020-12-20T16:52:25.948] [DEBUG] cheese - admin
[2020-12-20T16:52:25.951] [DEBUG] cheese - null
[2020-12-20T16:52:25.951] [DEBUG] cheese - null
[2020-12-20T16:56:12.191] [DEBUG] cheese - login => username:admin,password:123456
[2020-12-20T16:56:12.191] [DEBUG] cheese - admin
[2020-12-20T16:56:12.198] [DEBUG] cheese - null
[2020-12-20T16:56:12.199] [DEBUG] cheese - null
[2020-12-20T17:10:49.622] [DEBUG] cheese - login => username:admin,password:123456
[2020-12-20T17:10:49.622] [DEBUG] cheese - admin
[2020-12-20T17:10:49.629] [DEBUG] cheese - null
[2020-12-20T17:10:49.630] [DEBUG] cheese - null
[2020-12-20T17:32:29.027] [DEBUG] cheese - login => username:admin,password:123456
[2020-12-20T17:32:29.032] [DEBUG] cheese - admin
[2020-12-20T17:32:29.037] [DEBUG] cheese - null
[2020-12-20T17:32:29.039] [DEBUG] cheese - null
[2020-12-20T18:22:52.704] [DEBUG] cheese - login => username:admin,password:123456
[2020-12-20T18:22:52.704] [DEBUG] cheese - admin
[2020-12-20T18:22:52.711] [DEBUG] cheese - null
[2020-12-20T18:22:52.711] [DEBUG] cheese - null
[2020-12-20T19:00:42.746] [DEBUG] cheese - login => username:admin,password:123456
[2020-12-20T19:00:42.748] [DEBUG] cheese - admin
[2020-12-20T19:00:42.780] [DEBUG] cheese - null
[2020-12-20T19:00:42.781] [DEBUG] cheese - null
[2021-01-22T21:26:41.944] [DEBUG] cheese - login => username:admin,password:123456
[2021-01-22T21:26:41.950] [DEBUG] cheese - admin
[2021-01-22T21:26:41.991] [DEBUG] cheese - null
[2021-01-22T21:26:41.992] [DEBUG] cheese - null
[2021-01-22T21:46:18.550] [DEBUG] cheese - login => username:admin,password:123456
[2021-01-22T21:46:18.553] [DEBUG] cheese - admin
[2021-01-22T21:46:18.578] [DEBUG] cheese - null
[2021-01-22T21:46:18.580] [DEBUG] cheese - null
